HeaderSize=63
Version=1.1.4
ID System=WLS70-13
ID Client=IPEN/CNEN-SP
Localisation=Brazil
GPS Localisation=Lat:2741.0443S, Long:04832.7225W
Comments=
********************
Acquisition Parameters:
********************
Sampling Frequency  (Hz)=250000000.000
MAO Frequency (Hz)=68800000.000
Nb Pulses / Ligne of Sight=15000
Nb Points / Reflected Pulse=2191
Reflected Pulse Start=198
Reflected Pulse End=347
Noise Window Start Point=0
Nb Noise Windows=1
Emitted Pulse Start Point=0
Emitted Pulse End Point=150
Nb High Pass Filter Points=5
FFT Window Width (points)=128
Scan Cone Angle (°)=14.930
Max Error Probability=0.010
Low Pass Filter CutOff Frequency (Hz)=90000000.000
********************
EDFA Parameters:
********************
Laser Diode 1 Current (mA)=312
Laser Diode 2 Current (mA)=1800
********************
Drive Parameter:
********************
Rotation Angle (°)=90
Drive Position (°)=0
********************
Digitizer Parameters:
********************
TriggerSource=1
TriggerCoupling=0
TriggerSlope=0
TriggerLevel1=2000.000
TriggerLevel2=0.000
DelayTime=0.000
Coupling=4
Offset=0.000
FullScale=0.200
********************
Measurements Parameters:
********************
Wavelength (nm)=1543.000
ScanAngle (°)=14.930
DirectionOffset (°)=39.000
Declination (°)=30.000
PitchAngle (°)=-0.400
RollAngle (°)=0.100
CNRThreshold=-26.000
VrThreshold (m/s)=)1.750
SigmaFreqThreshold (m/s)=)0.750
WiperCNRThreshold=-21.000
WiperAltitude (m)=400
WiperDuration (ms)=600.000
Altitudes(m)=	100	120	140	160	180	200	220	240	260	280	300	320	340	360	380	400	420	440	460	480	500	520	540	560	580	600	620	640	660	680	700	720	740	760	780	800	820	840	860	880	900	920	940	960	980	1000
********************
Timestamp	WiperCount	Int Temp (°C)	Ext Temp (°C)	Pressure (hPa)	Rel Humidity (%)	Vhm1	dVh1	VhMax1	VhMin1	Dir1	um1	du1	vm1	dv1	wm1	dw1	CNRm1	dCNR1	CNRmax1	CNRmin1	sigmaFreqm1	dsigmaFreq1	Avail1		Vhm2	dVh2	VhMax2	VhMin2	Dir2	um2	du2	vm2	dv2	wm2	dw2	CNRm2	dCNR2	CNRmax2	CNRmin2	sigmaFreqm2	dsigmaFreq2	Avail2		Vhm3	dVh3	VhMax3	VhMin3	Dir3	um3	du3	vm3	dv3	wm3	dw3	CNRm3	dCNR3	CNRmax3	CNRmin3	sigmaFreqm3	dsigmaFreq3	Avail3		Vhm4	dVh4	VhMax4	VhMin4	Dir4	um4	du4	vm4	dv4	wm4	dw4	CNRm4	dCNR4	CNRmax4	CNRmin4	sigmaFreqm4	dsigmaFreq4	Avail4		Vhm5	dVh5	VhMax5	VhMin5	Dir5	um5	du5	vm5	dv5	wm5	dw5	CNRm5	dCNR5	CNRmax5	CNRmin5	sigmaFreqm5	dsigmaFreq5	Avail5		Vhm6	dVh6	VhMax6	VhMin6	Dir6	um6	du6	vm6	dv6	wm6	dw6	CNRm6	dCNR6	CNRmax6	CNRmin6	sigmaFreqm6	dsigmaFreq6	Avail6		Vhm7	dVh7	VhMax7	VhMin7	Dir7	um7	du7	vm7	dv7	wm7	dw7	CNRm7	dCNR7	CNRmax7	CNRmin7	sigmaFreqm7	dsigmaFreq7	Avail7		Vhm8	dVh8	VhMax8	VhMin8	Dir8	um8	du8	vm8	dv8	wm8	dw8	CNRm8	dCNR8	CNRmax8	CNRmin8	sigmaFreqm8	dsigmaFreq8	Avail8		Vhm9	dVh9	VhMax9	VhMin9	Dir9	um9	du9	vm9	dv9	wm9	dw9	CNRm9	dCNR9	CNRmax9	CNRmin9	sigmaFreqm9	dsigmaFreq9	Avail9		Vhm10	dVh10	VhMax10	VhMin10	Dir10	um10	du10	vm10	dv10	wm10	dw10	CNRm10	dCNR10	CNRmax10	CNRmin10	sigmaFreqm10	dsigmaFreq10	Avail10		Vhm11	dVh11	VhMax11	VhMin11	Dir11	um11	du11	vm11	dv11	wm11	dw11	CNRm11	dCNR11	CNRmax11	CNRmin11	sigmaFreqm11	dsigmaFreq11	Avail11		Vhm12	dVh12	VhMax12	VhMin12	Dir12	um12	du12	vm12	dv12	wm12	dw12	CNRm12	dCNR12	CNRmax12	CNRmin12	sigmaFreqm12	dsigmaFreq12	Avail12		Vhm13	dVh13	VhMax13	VhMin13	Dir13	um13	du13	vm13	dv13	wm13	dw13	CNRm13	dCNR13	CNRmax13	CNRmin13	sigmaFreqm13	dsigmaFreq13	Avail13		Vhm14	dVh14	VhMax14	VhMin14	Dir14	um14	du14	vm14	dv14	wm14	dw14	CNRm14	dCNR14	CNRmax14	CNRmin14	sigmaFreqm14	dsigmaFreq14	Avail14		Vhm15	dVh15	VhMax15	VhMin15	Dir15	um15	du15	vm15	dv15	wm15	dw15	CNRm15	dCNR15	CNRmax15	CNRmin15	sigmaFreqm15	dsigmaFreq15	Avail15		Vhm16	dVh16	VhMax16	VhMin16	Dir16	um16	du16	vm16	dv16	wm16	dw16	CNRm16	dCNR16	CNRmax16	CNRmin16	sigmaFreqm16	dsigmaFreq16	Avail16		Vhm17	dVh17	VhMax17	VhMin17	Dir17	um17	du17	vm17	dv17	wm17	dw17	CNRm17	dCNR17	CNRmax17	CNRmin17	sigmaFreqm17	dsigmaFreq17	Avail17		Vhm18	dVh18	VhMax18	VhMin18	Dir18	um18	du18	vm18	dv18	wm18	dw18	CNRm18	dCNR18	CNRmax18	CNRmin18	sigmaFreqm18	dsigmaFreq18	Avail18		Vhm19	dVh19	VhMax19	VhMin19	Dir19	um19	du19	vm19	dv19	wm19	dw19	CNRm19	dCNR19	CNRmax19	CNRmin19	sigmaFreqm19	dsigmaFreq19	Avail19		Vhm20	dVh20	VhMax20	VhMin20	Dir20	um20	du20	vm20	dv20	wm20	dw20	CNRm20	dCNR20	CNRmax20	CNRmin20	sigmaFreqm20	dsigmaFreq20	Avail20		Vhm21	dVh21	VhMax21	VhMin21	Dir21	um21	du21	vm21	dv21	wm21	dw21	CNRm21	dCNR21	CNRmax21	CNRmin21	sigmaFreqm21	dsigmaFreq21	Avail21		Vhm22	dVh22	VhMax22	VhMin22	Dir22	um22	du22	vm22	dv22	wm22	dw22	CNRm22	dCNR22	CNRmax22	CNRmin22	sigmaFreqm22	dsigmaFreq22	Avail22		Vhm23	dVh23	VhMax23	VhMin23	Dir23	um23	du23	vm23	dv23	wm23	dw23	CNRm23	dCNR23	CNRmax23	CNRmin23	sigmaFreqm23	dsigmaFreq23	Avail23		Vhm24	dVh24	VhMax24	VhMin24	Dir24	um24	du24	vm24	dv24	wm24	dw24	CNRm24	dCNR24	CNRmax24	CNRmin24	sigmaFreqm24	dsigmaFreq24	Avail24		Vhm25	dVh25	VhMax25	VhMin25	Dir25	um25	du25	vm25	dv25	wm25	dw25	CNRm25	dCNR25	CNRmax25	CNRmin25	sigmaFreqm25	dsigmaFreq25	Avail25		Vhm26	dVh26	VhMax26	VhMin26	Dir26	um26	du26	vm26	dv26	wm26	dw26	CNRm26	dCNR26	CNRmax26	CNRmin26	sigmaFreqm26	dsigmaFreq26	Avail26		Vhm27	dVh27	VhMax27	VhMin27	Dir27	um27	du27	vm27	dv27	wm27	dw27	CNRm27	dCNR27	CNRmax27	CNRmin27	sigmaFreqm27	dsigmaFreq27	Avail27		Vhm28	dVh28	VhMax28	VhMin28	Dir28	um28	du28	vm28	dv28	wm28	dw28	CNRm28	dCNR28	CNRmax28	CNRmin28	sigmaFreqm28	dsigmaFreq28	Avail28		Vhm29	dVh29	VhMax29	VhMin29	Dir29	um29	du29	vm29	dv29	wm29	dw29	CNRm29	dCNR29	CNRmax29	CNRmin29	sigmaFreqm29	dsigmaFreq29	Avail29		Vhm30	dVh30	VhMax30	VhMin30	Dir30	um30	du30	vm30	dv30	wm30	dw30	CNRm30	dCNR30	CNRmax30	CNRmin30	sigmaFreqm30	dsigmaFreq30	Avail30		Vhm31	dVh31	VhMax31	VhMin31	Dir31	um31	du31	vm31	dv31	wm31	dw31	CNRm31	dCNR31	CNRmax31	CNRmin31	sigmaFreqm31	dsigmaFreq31	Avail31		Vhm32	dVh32	VhMax32	VhMin32	Dir32	um32	du32	vm32	dv32	wm32	dw32	CNRm32	dCNR32	CNRmax32	CNRmin32	sigmaFreqm32	dsigmaFreq32	Avail32		Vhm33	dVh33	VhMax33	VhMin33	Dir33	um33	du33	vm33	dv33	wm33	dw33	CNRm33	dCNR33	CNRmax33	CNRmin33	sigmaFreqm33	dsigmaFreq33	Avail33		Vhm34	dVh34	VhMax34	VhMin34	Dir34	um34	du34	vm34	dv34	wm34	dw34	CNRm34	dCNR34	CNRmax34	CNRmin34	sigmaFreqm34	dsigmaFreq34	Avail34		Vhm35	dVh35	VhMax35	VhMin35	Dir35	um35	du35	vm35	dv35	wm35	dw35	CNRm35	dCNR35	CNRmax35	CNRmin35	sigmaFreqm35	dsigmaFreq35	Avail35		Vhm36	dVh36	VhMax36	VhMin36	Dir36	um36	du36	vm36	dv36	wm36	dw36	CNRm36	dCNR36	CNRmax36	CNRmin36	sigmaFreqm36	dsigmaFreq36	Avail36		Vhm37	dVh37	VhMax37	VhMin37	Dir37	um37	du37	vm37	dv37	wm37	dw37	CNRm37	dCNR37	CNRmax37	CNRmin37	sigmaFreqm37	dsigmaFreq37	Avail37		Vhm38	dVh38	VhMax38	VhMin38	Dir38	um38	du38	vm38	dv38	wm38	dw38	CNRm38	dCNR38	CNRmax38	CNRmin38	sigmaFreqm38	dsigmaFreq38	Avail38		Vhm39	dVh39	VhMax39	VhMin39	Dir39	um39	du39	vm39	dv39	wm39	dw39	CNRm39	dCNR39	CNRmax39	CNRmin39	sigmaFreqm39	dsigmaFreq39	Avail39		Vhm40	dVh40	VhMax40	VhMin40	Dir40	um40	du40	vm40	dv40	wm40	dw40	CNRm40	dCNR40	CNRmax40	CNRmin40	sigmaFreqm40	dsigmaFreq40	Avail40		Vhm41	dVh41	VhMax41	VhMin41	Dir41	um41	du41	vm41	dv41	wm41	dw41	CNRm41	dCNR41	CNRmax41	CNRmin41	sigmaFreqm41	dsigmaFreq41	Avail41		Vhm42	dVh42	VhMax42	VhMin42	Dir42	um42	du42	vm42	dv42	wm42	dw42	CNRm42	dCNR42	CNRmax42	CNRmin42	sigmaFreqm42	dsigmaFreq42	Avail42		Vhm43	dVh43	VhMax43	VhMin43	Dir43	um43	du43	vm43	dv43	wm43	dw43	CNRm43	dCNR43	CNRmax43	CNRmin43	sigmaFreqm43	dsigmaFreq43	Avail43		Vhm44	dVh44	VhMax44	VhMin44	Dir44	um44	du44	vm44	dv44	wm44	dw44	CNRm44	dCNR44	CNRmax44	CNRmin44	sigmaFreqm44	dsigmaFreq44	Avail44		Vhm45	dVh45	VhMax45	VhMin45	Dir45	um45	du45	vm45	dv45	wm45	dw45	CNRm45	dCNR45	CNRmax45	CNRmin45	sigmaFreqm45	dsigmaFreq45	Avail45		Vhm46	dVh46	VhMax46	VhMin46	Dir46	um46	du46	vm46	dv46	wm46	dw46	CNRm46	dCNR46	CNRmax46	CNRmin46	sigmaFreqm46	dsigmaFreq46	Avail46	
